<?xml version="1.0" encoding="UTF-8"?>
<!-- Generated by org.testng.reporters.JUnitXMLReporter -->
<testsuite ignored="0" hostname="DESKTOP-FLB2E45" failures="1" tests="3" name="Test" time="35.805" errors="0" timestamp="04 Sep 2021 08:36:00 GMT">
  <testcase classname="script1.TestLoginpage" name="validlogin" time="5.189"/>
  <testcase classname="script1.TestLoginpage" name="validlogin" time="3.438">
    <failure type="java.lang.AssertionError" message="expected [true] but found [false]">
      <![CDATA[java.lang.AssertionError: expected [true] but found [false]
at script1.TestLoginpage.validlogin(TestLoginpage.java:38)
... Removed 31 stack frames]]>
    </failure>
  </testcase> <!-- validlogin -->
  <testcase classname="script1.TestLoginpage" name="validlogin" time="5.686"/>
</testsuite> <!-- Test -->
